0 info it worked if it ends with ok
1 verbose cli [ '/Users/vieron/.nvm/versions/v4.1.2/bin/node',
1 verbose cli   '/Users/vieron/.nvm/versions/v4.1.2/bin/npm',
1 verbose cli   'run',
1 verbose cli   'lint' ]
2 info using npm@3.3.12
3 info using node@v4.1.2
4 verbose run-script [ 'prelint', 'lint', 'postlint' ]
5 info lifecycle stylelint-webpack-plugin@0.0.1~prelint: stylelint-webpack-plugin@0.0.1
6 silly lifecycle stylelint-webpack-plugin@0.0.1~prelint: no script for prelint, continuing
7 info lifecycle stylelint-webpack-plugin@0.0.1~lint: stylelint-webpack-plugin@0.0.1
8 verbose lifecycle stylelint-webpack-plugin@0.0.1~lint: unsafe-perm in lifecycle true
9 verbose lifecycle stylelint-webpack-plugin@0.0.1~lint: PATH: /Users/vieron/.nvm/versions/v4.1.2/lib/node_modules/npm/bin/node-gyp-bin:/Users/vieron/code/forks/stylelint-webpack-plugin/node_modules/.bin:/Users/vieron/.nvm/versions/v4.1.2/bin:/Users/vieron/bin:/Users/vieron/.rvm/gems/ruby-2.2.0/bin:/Users/vieron/.rvm/gems/ruby-2.2.0@global/bin:/Users/vieron/.rvm/rubies/ruby-2.2.0/bin:/Users/vieron/.nvm/versions/v4.1.2/bin:/usr/local/bin:/usr/local/sbin:/usr/bin:/bin:/usr/sbin:/sbin:/opt/X11/bin:/Users/vieron/.rvm/bin:/Users/vieron/.rvm/bin
10 verbose lifecycle stylelint-webpack-plugin@0.0.1~lint: CWD: /Users/vieron/code/forks/stylelint-webpack-plugin
11 silly lifecycle stylelint-webpack-plugin@0.0.1~lint: Args: [ '-c', 'eslint lib test' ]
12 silly lifecycle stylelint-webpack-plugin@0.0.1~lint: Returned: code: 1  signal: null
13 info lifecycle stylelint-webpack-plugin@0.0.1~lint: Failed to exec lint script
14 verbose stack Error: stylelint-webpack-plugin@0.0.1 lint: `eslint lib test`
14 verbose stack Exit status 1
14 verbose stack     at EventEmitter.<anonymous> (/Users/vieron/.nvm/versions/v4.1.2/lib/node_modules/npm/lib/utils/lifecycle.js:232:16)
14 verbose stack     at emitTwo (events.js:87:13)
14 verbose stack     at EventEmitter.emit (events.js:172:7)
14 verbose stack     at ChildProcess.<anonymous> (/Users/vieron/.nvm/versions/v4.1.2/lib/node_modules/npm/lib/utils/spawn.js:24:14)
14 verbose stack     at emitTwo (events.js:87:13)
14 verbose stack     at ChildProcess.emit (events.js:172:7)
14 verbose stack     at maybeClose (internal/child_process.js:818:16)
14 verbose stack     at Process.ChildProcess._handle.onexit (internal/child_process.js:211:5)
15 verbose pkgid stylelint-webpack-plugin@0.0.1
16 verbose cwd /Users/vieron/code/forks/stylelint-webpack-plugin
17 error Darwin 15.3.0
18 error argv "/Users/vieron/.nvm/versions/v4.1.2/bin/node" "/Users/vieron/.nvm/versions/v4.1.2/bin/npm" "run" "lint"
19 error node v4.1.2
20 error npm  v3.3.12
21 error code ELIFECYCLE
22 error stylelint-webpack-plugin@0.0.1 lint: `eslint lib test`
22 error Exit status 1
23 error Failed at the stylelint-webpack-plugin@0.0.1 lint script 'eslint lib test'.
23 error Make sure you have the latest version of node.js and npm installed.
23 error If you do, this is most likely a problem with the stylelint-webpack-plugin package,
23 error not with npm itself.
23 error Tell the author that this fails on your system:
23 error     eslint lib test
23 error You can get their info via:
23 error     npm owner ls stylelint-webpack-plugin
23 error There is likely additional logging output above.
24 verbose exit [ 1, true ]
